1
1
1
1
1
6
2
1
1
2
1
1
1
6
2
1
41
6
29
1
16
2
19
1
1
29
13
2
2
2
1
1
2
1
2
6
2
2
1
13
1
1
2
2
1
1
2
24
1
2
2
1
12
40
24
1
2
2
1
1
1
1
1
2
1
1
3
1
1
2
2
2
1
1
2
2
1
2
1
2
2
1
1
2
1
16
1
2
1
2
2
1
2
1
2
1
2
2
1
1
1
1
2
87
1
1
1
2
2
2
1
1
2
1
1
2
2
2
34
1
2
1
1
3
1
1
2
3
2
2
1
1
1
1
1
1
2
1
29
2
1
3
1
1
1
1
2
1
1
1
2
1
1
2
2
1
2
1
1
1
2
6
1
1
1
2
33
1
2
1
6
1
2
1
1
34
1
1
3
1
1
1
2
1
2
1
1
2
1
1
2
2
1
2
1
1
34
1
6
1
12
1
3
1
1
2
1
1
2
1
12
1
2
2
1
2
1
1
2
1
2
1
1
1
2
1
2
1
78
1
2
1
1
1
2
75
1
2
2
3
1
2
1
1
2
1
1
2
41
76
2
1
1
1
1
1
2
1
1
1
1
1
1
1
1
1
24
1
9
1
1
1
1
37
1
1
3
1
2
1
1
1
2
1
1
1
1
1
1
1
1
2
1
1
1
2
2
2
1
1
1
1
74
2
1
1
1
2
2
1
2
74
2
2
1
1
1
1
1
3
1
9
1
33
2
1
1
1
1
2
2
1
2
1
1
1
16
1
1
1
2
2
1
9
2
1
29
1
1
2
384
5
3
2
1
2
2
6
1
1
1
1
1
2
1
1
1
1
1
1
1
2
1
1
2
1
1
1
1
1
1
2
2
1
2
2
2
1
1
2
3
1
2
1
2
1
33
1
1
1
1
2
1
2
1
1
1
1
2
1
1
1
1
2
87
2
1
2
1
1
3
2
1
1
2
1
1
2
1
102
2
2
3
1
1
1
6
2
1
16
1
1
1
2
1
2
1
1
3
1
1
2
2
1
1
1
2
1
6
2
14
543
1
1
1
24
1
1
1
2
1
2
1
1
2
24
37
1
1
1
1
6
1
1
1
1
1
1
2
1
1
1
1
1
1
1
2
2
3
1
