17
3
2
3
2
1
3
17
5
1
5
8
1
11
1
3
5
22
1
5
5
5
1
5
5
7
6
8
1
266
1
5
1
5
1
1
1
3
1
1
17
1
9
1
1
1
17
5
34
3
22
1
17
1
5
2
3
1
3
1
1
44
3
1
5
19
17
9
5
1
22
1
1
5
1
1
10
8
1
5
123
1
5
17
2
3
7
5
17
5
17
3
5
8
35
51
41
5
5
5
1
12
3
3
17
3
17
6
17
17
3
3
3
34
2
1
3
5
1
1
5
2
5
5
5
6
9
1
1
26
1
1
17
5
5
17
1
3
1
3
1
17
1
3
3
1
22
17
17
1
2
5
465
5
5
1
5
19
1
19
1
17
5
5
17
5
1
1
1
3
5
1
17
1
1
5
6
1
5
3
5
19
2
5
17
1
1
3
5
5
3
17
1
5
1
17
5
5
5
3
3
1
34
17
5
3
1
1
5
1
1
1
5
5
2
17
3
1
5
6
17
1
5
1
5
1
1
1
1
3
7
3
1
1
5
17
1
17
2
19
5
1
5
1
5
9
1
5
5
3
3
1
1
1
5
6
12
5
1
2
5
1
9
5
5
2
1
245
1
5
1
5
5
9
3
1
3
5
5
2
1
17
5
17
3
17
5
1
9
5
5
2
52
17
2
41
5
2
5
9
5
5
2
2
17
1
3
3
1
3
2
5
1
5
5
5
44
5
5
3
3
1
17
8
3
1
5
5
5
2
137
17
19
5
5
5
123
9
3
34
3
17
3
3
17
1
1
1
3
1
30
1
1
1
5
17
3
5
6
3
3
1
9
3
1
3
2
22
17
17
5
17
3
5
2
5
1
19
1
17
5
5
5
17
8
1
41
5
5
5
9
1
1
3
1
5
2
5
3
1
5
5
17
9
5
5
3
3
1
3
76
1
5
1
1
33
1
5
1
5
5
3
3
5
3
2
2
1
3
5
1
3
7
1
63
3
3
5
2
5
5
19
3
5
1
8
1
1
71
20
3
3
19
5
2
30
9
3
1
5
2
8
17
3
3
1
1
5
1
2
1
17
5
54
5
17
1
5
3
1
1
1
3
3
1
5
22
9
22
3
2
1
6
22
1
20
2
5
1
3
2
1
19
5
1
19
5
1
5
3
8
3
1
5
1
5
1
2
17
5
1
1
1
3
3
150
1
5
3
17
3
1
1
1
709
3
1
5
2
5
1
398
1
1
17
9
5
1
3
5
5
1
5
901
3
17
3
61
5
116
5
2
5
3
3
17
2
1
8
5
1
1
44
1
1
3
1
2
1
3
17
1
17
3
17
19
5
2
5
1
5
1
1
5
1
1
1
5
17
5
666
1
1
3
5
17
1
1
17
3
5
3
17
5
1
17
1
1
3
3
1
1
5
1
5
5
3
5
1
22
19
7
3
1
3
17
22
5
5
1
1
3
3
17
1
17
5
3
1
3
5
3
3
12
3
3
5
5
2
17
1
1
5
489
6
3
1
9
5
1
19
1
1
1
17
1
17
73
6
3
3
5
1
3
1
3
8
8
17
6
2
5
5
1
7
1
1
8
10
17
5
3
5
5
1
46
1
7
5
19
3
1
3
1
5
5
1
1
1
22
3
3
17
2
6
5
2
3
5
3
3
5
1
3
1
1
5
1
3
3
5
1
1
3
3
1
1
5
1
1
5
5
3
5
22
17
5
1
5
5
1
19
5
1
1
3
1
1
2
1
34
3
9
11
1
36
20
1
46
5
2
8
17
5
1
1
17
1
9
3
5
33
1
1
17
5
1
1
1
3
1
1
1
5
5
1
3
35
1
5
5
1
34
1
3
1
2
5
5
5
5
5
3
2
8
1
3
1
3
1
1
1
5
5
5
17
19
2
5
3
2
3
1
5
3
2
9
5
3
5
1
5
5
5
1
5
1
5
1
5
19
3
1
19
1
9
3
17
2
17
1
5
1
1
1
6
1
1
1
8
1
1
17
1
6
5
2
2
5
1
2
9
19
5
3
3
5
19
9
22
1
1
1
5
9
1
3
1
3
5
1
1
9
5
3
1
1
1
43
2
5
2
2
3
1
5
3
1
5
3
140
1
17
1
17
6
5
17
9
5
5
8
5
5
2
1
20
1
3
1
1
3
1
5
1
17
5
1
5
17
17
1
17
1
5
5
1
1
3
17
72
5
3
5
1
1
1
1
5
5
1
5
19
1
1
5
17
5
2
3
17
5
3
3
1
1
1
5
5
1
3
6
5
22
1
1
3
3
1
17
1
1
22
17
3
1
5
5
17
3
1
3
1
1
5
3
5
1
1
5
5
58
1
5
2
1
1
5
5
2
17
1
5
1
3
1
5
3
1
2
19
5
5
1
3
17
1
1
5
17
1
3
2
17
17
17
17
2
5
1
5
2
3
17
1
9
5
5
9
1
5
5
1
5
5
5
5
3
19
1
9
8
1
20
1
2
1
1
1
7
17
1
5
5
1
2
3
5
9
1
3
1
9
3
5
1
17
2
8
17
3
3
17
1
3
3
1
2
1
17
6
9
1
1
5
3
5
1
17
1
17
5
5
1
5
5
3
3
19
3
17
5
6
5
34
5
1
1
1
5
1
5
5
5
22
3
3
5
22
3
2
5
3
5
5
5
5
5
3
1
3
1
1
1
1
22
3
2
5
5
1
3
17
2
5
54
5
6
17
5
62
2
2
5
1
9
1
19
8
1
3
3
19
1
3
9
1
1
3
3
3
17
3
17
5
3
2
1
5
5
17
1
1
19
46
1
17
1
17
1
2
17
9
5
1
1
2
5
3
1
3
1
1
1
1
1
5
1
17
5
1
5
1
9
17
1
5
3
2
5
1
3
5
5
9
1
1
3
5
3
1
29
5
17
1
5
3
1
2
5
1
1
1
22
1
2
9
1
1
3
1
1
3
1
1
1
1
9
6
5
17
1
1
1
5
1
3
5
1
1
3
3
61
5
5
3
1
6
1
3
5
5
1
5
1
5
5
17
22
1
5
3
5
5
1
6
3
3
3
1
17
5
1
5
17
17
5
5
17
3
7
5
17
17
2
1
1
5
5
1
3
17
17
5
1
3
19
1
1
5
3
17
1
71
5
17
1
5
5
169
5
1
17
3
5
1
7
161
8
3
17
5
1
3
5
35
5
5
12
3
7
2
1
1
5
3
1
2
3
17
1
1
5
5
5
1
1
9
34
1
5
5
1
1
5
3
1
1
5
19
1
5
3
3
3
9
2
1
17
5
2
5
19
5
1
1
3
5
8
17
10
1
3
3701
17
3
3
1
1
3
1
3
6
17
3
1
5
5
5
1
5
2
95
3
5
1
1
5
2
1
1
3
9
3
1
1
1
5
17
1
5
20
1
6
1
1
17
6
3
8
1
17
17
1
1
1
5
5
22
3
5
1
6
5
1
5
3
5
5
1
5
5
5
3
1
3
5
3
7
3
1
17
9
1
5
1
17
1
3
9
17
17
19
3
9
5
5
6
5
5
5
17
5
5
3
2
17
5
5
22
1
5
17
5
5
17
1
1
5
5
1
5
3
1
3
1
5
1
3
5
1
1
17
5
17
1
1
3
1
1
5
1
1
61
3
3
12
5
5
22
5
2
17
5
1
17
5
5
1
3
17
1
1
1
5
1
17
5
5
3
3
3
1
3
17
3
1
5
22
5
5
5
17
5
1
5
1
5
5
1
3
1
61
9
44
5
1
5
3
1
3
3
3
1
1
5
3
5
1
3
1
22
1
17
5
6
20
5
1
3
1
5
3
5
5
5
34
5
3
19
3
17
5
5
1
5
1
2
3
5
3
5
17
3
17
1
1
5
19
3
2
3
1
1
17
3
5
1
5
1
1
1
5
17
3
20
1
5
5
1
5
1
1
2
3
1
1
7
1
17
3
1
5
1
1
1
2
1
2
3
1
3
1
5
17
5
1
1
5
3
3
169
5
2
5
5
17
3
1
34
5
1
2
1
5
1
3
1
1
17
5
5
5
5
3
2
1
5
17
5
8
5
17
5
1
1
1
17
3
1
5
5
5
2
1
2
3
17
19
6
2
1
1
1
3
1
6
1
9
1
3
3
1
2
1
3
5
5
3
5
19
19
2
9
17
1
1
1
1
3
3
3
17
3
1
20
1
19
17
5
1
1
1
2
6
140
2
2
5
5
5
1
5
5
3
8
17
5
1
1
5
5
2
5
19
9
1
30
5
5
5
1
3
61
2
5
1
19
3
1
8
1
1
3
9
5
5
5
1
5
1
2
5
19
5
1
5
19
1
5
76
3
17
1
3
1
5
5
1
1
1
22
17
3
5
3
5
3
3
3
3
3
5
5
5
3
17
17
19
5
5
3
3
24
1
3
5
8
22
3
1
17
5
44
22
1
5
3
5
5
2
5
1
8
1
17
8
5
17
17
3
17
1
5
5
5
5
7
3
17
2
5
1
17
3
5
5
2
5
1
2
3
3
5
17
8
1
2
3
3
8
1
1
5
2
3
5
5
3
5
1
19
5
60
1
1
5
17
1
3
17
5
1
1
101
5
1
3
3
19
5
2
5
5
5
3
17
2
17
5
5
5
5
1
1
42
5
5
1
1
2
5
3
3
9
1
3
1
1
17
5
1
1
5
3
2
5
1
5
5
5
17
2
3
22
1
3
5
22
3
3
1
3
1
5
17
1
2
5
9
1
2
5
2
3
1
1
5
5
3
1
5
3
3
1
3
3
19
1
1
5
1
1
5
3
1
17
5
3
1
17
2
2
1
17
3
17
1
5
5
3
3
3
116
35
1
1
1
12
5
1
3
5
3
17
1
5
2
2
8
5
1
1
17
5
2
3
1
3
1
17
3
3
1
61
22
3
5
1
5
5
5
3
37
1
1
3
3
3
3
1
1
1
5
5
1
9
20
3
22
19
17
6
1
3
1
74
1
5
3
1
5
5
5
17
3
1
3
5
5
5
1
2
1
36
5
8
3
17
17
1
43
5
1
17
3
33
5
5
3
10
3
6
5
5
5
5
1
5
1
1
6
2
19
3
22
2
5
5
1
5
1
1
2
22
1
5
3
17
8
17
5
5
5
5
9
2
5
1
61
5
5
19
1
1
2
1
3
1
5
3
1
1
17
5
17
5
6
7
1
1
17
3
1
17
6
2
22
2
1
3
17
17
17
3
1
3
3
1
5
1
17
5
5
1
1
5
1
2
35
3
3
17
5
290
18
5
6
5
1
3
5
1
3
5
17
2
8
3
1
30
3
17
17
1
3
5
5
1
151
3
3
3
5
1
5
3
5
5
5
30
1
3
1
5
1
2
9
5
19
19
1
1
1
2
1
1
1
5
17
1
1
1
3
5
5
5
5
5
5
599
19
5
5
1
5
1
1
17
1
9
3
3
2
1
5
5
17
19
5
73
5
2
5
5
1
22
1
3
2
8
1
17
39
5
8
1
2
5
1
3
5
5
2
5
1
17
1
3
1
1
9
1
1
1
5
3
3
10
5
3
17
5
5
17
5
3
1
9
17
1
17
20
5
5
2
1
9
5
1
5
1
1
17
104
3
1
5
5
5
3
1
231
5
1
5
1
19
3
5
1
5
17
17
5
5
19
3
3
34
17
63
5
5
1
1
3
5
61
17
19
2
1
17
5
6
1
1
3
22
1
1
1
1
2
22
1
22
22
1
1
3
3
34
1
5
1
1
1
1
5
1
17
5
3
1
5
5
3
9
3
1
1
17
1
5
5
1
5
1
5
19
8
3
69
3
5
1
3
169
17
3
5
2
1
5
1
1
5
3
5
5
5
1
5
5
1
1
1
5
1
17
5
5
12
17
5
5
1
17
1
3
19
9
76
5
1
1
1
5
17
17
1
46
5
3
5
3
9
44
3
1
20
3
3
5
3
3
5
5
5
5
5
1
3
5
3
1
5
17
5
17
5
1
1
9
9
5
5
3
1
1
1
17
17
2
3
34
1
5
5
5
20
3
5
1
5
5
17
19
12
7
19
1
17
1
17
1
20
1
8
22
3
5
1
1
5
1
3
5
1
137
7
5
5
1
1
5
1
1
1
5
5
9
2
17
3
1
8
1
5
6
3
1
1
1
5
1
1
1
3
5
5
5
3
17
5
17
5
1
1
3
54
70
1
5
5
5
3
3
3
1
22
1
1
1
5
8
1
5
52
1
1
2
5
5
1
5
1
19
8
1
17
5
5
1
17
295
5
5
1
1
5
3
1
1
1
3
2
1
2
5
631
5
3
2
5
3
5
17
6
3
5
5
1
5
5
1
5
5
5
3
1
3
5
10
5
5
2
3
5
3
3
2
3
1
3
1
19
19
3
1
1
3
1
5
22
1
7
77
5
1
3
3
3
3
1
3
1
3
5
5
1
5
5
9
1
27
5
2
1
19
1
1
5
5
1
19
6
5
5
3
6
1
5
17
3
1
5
5
5
1
5
5
17
1
2
2
17
8
3
1
1
2
17
2
9
1
1
17
17
3
3
5
19
6
17
5
1
1
5
5
17
5
5
6
5
17
2
6
5
5
5
1
3
7
5
17
5
1
2
2
1
3
1
3
1
1
6
3
5
1
5
1
1
1
19
1
1
5
3
5
2
1
3
3
5
2
1
17
2
17
17
5
8
5
3
1
143
1
17
5
17
1
17
2
1
1
35
5
5
9
1
6
35
8
5
9
5
1
5
5
1
34
5
2
17
5
3
17
3
1
3
5
3
1
1
5
1
3
1
17
3
2
5
5
1
5
5
22
5
5
5
5
3
5
3
2
5
34
5
5
1
1
3
2
3
2
9
1
20
1
1
1
1
1
28
7
1
5
17
2
3
1
5
10
5
5
22
1
1
3
3
1
3
5
5
3
3
3
5
1
1
3
1
1
1
5
5
1
1
5
46
5
5
17
9
69
258
2
17
1
3
1
1
3
1
2
5
5
2
1
2
5
214
1
1
5
3
5
5
5
1
1
1
19
2
1
1
5
3
5
1
2
26
1
1
19
5
5
714
2
1
5
5
2
5
3
1
22
3
3
6
17
5
17
2
1
1
8
9
1
5
5
1
1
1
1
3
5
5
1
5
3
2
5
5
1
5
1
8
5
19
5
5
17
22
1
5
3
3
19
5
63
2
1
1
2
5
5
5
1
1
5
5
2
1
3
3
1
5
2
1
3
1
1
5
17
1
1
3
5
5
1
1
5
2
5
3
5
1
1
9
5
2
1
5
33
5
3
2
2
1
5
5
19
1
1
5
20
5
1
17
1
5
5
1
19
34
22
1
1
1
1
1
19
5
5
1
17
1
52
9
17
1
5
1
3
9
17
3
3
33
19
5
2
3
9
5
1
5
1
5
5
5
22
5
1
17
17
9
3
5
19
17
17
3
19
5
3
19
5
5
1
5
3
5
5
17
3
1
3
2
5
22
1
17
55
3
1
5
20
5
1
5
5
5
9
3
5
10
1
1
3
1
3
17
1
5
5
5
5
1
2
5
5
2
1
3
2
17
1
2
5
1
5
3
2
3
1
17
6
1
2
17
17
1
1
17
3
5
1
17
1
3
17
1
19
5
3
3
6
5
5
33
2
1
17
1
1
5
1
19
3
17
17
19
22
5
22
5
5
5
3
1
19
3
1
159
5
17
5
5
9
1
5
1
3
1
5
3
1
1
17
2
9
5
3
5
1
1
3
5
69
17
5
1
5
3
5
5
1
1
1
22
1
17
5
5
6
3
1
5
1
1
20
22
5
1
2
8
5
1
2
1
6
1
3
9
2
1
2
1
17
3
2
1
3
5
19
5
3
2
2
17
5
8
5
5
5
3
3
5
3
17
3
5
481
5
22
3
1
1
9
10
3
1
2
3
374
5
1
34
5
157
1
7
3
5
5
57
2
5
1
3
5
5
3
19
1
5
5
19
5
5
17
9
1
5
5
3
2
5
34
17
17
3
3
5
17
3
5
1
1
1
17
17
5
1
1
2
2
3
1
3
5
1
9
3
1
5
17
1
2
5
5
5
5
2
1
5
5
1
5
3
2
9
8
3
5
5
5
2
3
3
5
19
17
1
3
3
1
5
3
1
3
1
5
9
1
1
3
1
1
1
3
17
1
5
1
1
1
1
3
1
2
3
5
5
5
5
1
9
3
17
17
1
69
20
5
1
1
2
20
2
1
1
5
17
5
1
17
1
1
17
17
1
5
3
3
3
3
3
1
5
17
5
1
5
17
5
3
12
1
5
2
1
5
1
17
17
3
17
5
1
5
19
6
3
1
3
3
5
19
5
1
1
17
5
2
1
1
1
10
5
17
2
5
9
35
1
1
17
2
3
5
1
17
3
19
1
5
17
5
3
1
5
1
3
1
19
17
3
3
2
5
3
3
5
1
5
3
1
34
1
5
1
3
1
5
5
1
1
5
5
3
9
2
5
1
2
2
1
842
17
3
5
5
3
1
1
1
5
19
5
3
9
5
5
1
6
1
5
431
1
17
3
1
3
17
5
3
1
17
1
17
1
1
17
1
5
20
3
17
3
3
17
6
1
17
2
3
1
1
3
5
9
1
1
1
3
19
1
19
1
5
17
3
3
17
2
970
5
3
1
2
1
17
1
1
1
5
5
8
22
5
1
3
1
5
5
1
9
3
17
17
1
8
1
34
1
5
3
3
17
5
5
1
2
17
17
17
5
5
1
1
3
7
5
1
1
1
8
1
6
3
19
5
5
3
2
1
5
1
1
5
1
17
34
5
5
2
1
5
5
3
5
3
17
1
5
5
17
3
5
5
37
1
5
3
5
8
1
5
3
5
5
5
5
1
3
5
5
9
1
5
3
22
3
1
17
3
52
1
5
5
5
5
8
3
19
1
1
1
20
17
5
5
3
17
3
1
3
1
5
1
1
1
3
1
1
1
10
61
1
5
17
2
17
17
8
1
2
17
5
19
1
5
5
1
17
17
1
1
19
17
1
5
1
22
1
5
17
1
3
3
3
34
1
5
